<?xml version="1.0" encoding="UTF-8"?>
<!-- Generated by org.testng.reporters.JUnitXMLReporter -->
<testsuite ignored="0" hostname="LAPTOP-3CO8GEL8" failures="1" tests="3" name="Default test" time="42.969" errors="0" timestamp="2024-07-29T14:09:01 IST">
  <testcase classname="extentReports.Dependency2" name="rcb" time="1.15">
    <failure type="org.testng.internal.thread.ThreadTimeoutException" message="Method extentReports.Dependency2.rcb() didn&amp;apos;t finish within the time-out 1000">
      <![CDATA[org.testng.internal.thread.ThreadTimeoutException: Method extentReports.Dependency2.rcb() didn't finish within the time-out 1000
at java.base/java.lang.ProcessImpl.waitForTimeoutInterruptibly(Native Method)
at java.base/java.lang.ProcessImpl.waitFor(ProcessImpl.java:598)
at org.openqa.selenium.os.ExternalProcess.waitFor(ExternalProcess.java:264)
at org.openqa.selenium.manager.SeleniumManager.runCommand(SeleniumManager.java:128)
at org.openqa.selenium.manager.SeleniumManager.getDriverPath(SeleniumManager.java:299)
at org.openqa.selenium.remote.service.DriverFinder.getPath(DriverFinder.java:22)
at org.openqa.selenium.remote.service.DriverFinder.getPath(DriverFinder.java:13)
at org.openqa.selenium.chrome.ChromeDriver.generateExecutor(ChromeDriver.java:100)
at org.openqa.selenium.chrome.ChromeDriver.<init>(ChromeDriver.java:89)
at org.openqa.selenium.chrome.ChromeDriver.<init>(ChromeDriver.java:84)
at org.openqa.selenium.chrome.ChromeDriver.<init>(ChromeDriver.java:52)
at extentReports.Dependency2.rcb(Dependency2.java:34)
at java.base/jdk.internal.reflect.DirectMethodHandleAccessor.invoke(DirectMethodHandleAccessor.java:103)
at java.base/java.lang.reflect.Method.invoke(Method.java:580)
at org.testng.internal.invokers.MethodInvocationHelper.invokeMethod(MethodInvocationHelper.java:139)
at org.testng.internal.invokers.InvokeMethodRunnable.runOne(InvokeMethodRunnable.java:47)
at org.testng.internal.invokers.InvokeMethodRunnable.call(InvokeMethodRunnable.java:76)
at org.testng.internal.invokers.InvokeMethodRunnable.call(InvokeMethodRunnable.java:11)
at java.base/java.util.concurrent.FutureTask.run(FutureTask.java:317)
at java.base/java.util.concurrent.ThreadPoolExecutor.runWorker(ThreadPoolExecutor.java:1144)
at java.base/java.util.concurrent.ThreadPoolExecutor$Worker.run(ThreadPoolExecutor.java:642)
at java.base/java.lang.Thread.run(Thread.java:1583)
]]>
    </failure>
  </testcase> <!-- rcb -->
  <testcase classname="extentReports.Dependency2" name="dominos" time="41.135"/>
  <testcase classname="extentReports.Dependency2" name="csk" time="0.0">
    <skipped/>
  </testcase> <!-- csk -->
</testsuite> <!-- Default test -->
